<?xml version="1.0" encoding="UTF-8"?>
<!-- Generated by org.testng.reporters.JUnitReportReporter -->
<testsuite skipped="0" hostname="dell-PC" name="com.mycompany.app.RestAPITest" tests="2" failures="0" timestamp="19 Oct 2019 06:51:00 GMT" time="0.007" errors="0">
  <testcase name="postZira" time="0.000" classname="com.mycompany.app.RestAPITest"/>
  <testcase name="deleteTwitter" time="0.007" classname="com.mycompany.app.RestAPITest"/>
</testsuite> <!-- com.mycompany.app.RestAPITest -->
