<?xml version="1.0" encoding="UTF-8"?>
<!-- Generated by org.testng.reporters.JUnitReportReporter -->
<testsuite skipped="0" hostname="dell-PC" name="com.mycompany.app.SeleniumTest" tests="2" failures="0" timestamp="19 Oct 2019 06:51:00 GMT" time="0.000" errors="0">
  <testcase name="elementUI" time="0.000" classname="com.mycompany.app.SeleniumTest"/>
  <testcase name="BrowserAutomation" time="0.000" classname="com.mycompany.app.SeleniumTest"/>
</testsuite> <!-- com.mycompany.app.SeleniumTest -->
