<?xml version="1.0" encoding="UTF-8"?>
<!-- Generated by org.testng.reporters.JUnitReportReporter -->
<testsuite skipped="0" hostname="dell-PC" name="com.mycompany.app.AppiumTest" tests="2" failures="0" timestamp="19 Oct 2019 06:50:12 GMT" time="0.007" errors="0">
  <testcase name="NativeAtomation" time="0.000" classname="com.mycompany.app.AppiumTest"/>
  <testcase name="IOSApps" time="0.007" classname="com.mycompany.app.AppiumTest"/>
</testsuite> <!-- com.mycompany.app.AppiumTest -->
